D:\Research\Assignment_2016\image_classification\image_classification\x64\Debug\cl.command.1.tlog
D:\Research\Assignment_2016\image_classification\image_classification\x64\Debug\CL.read.1.tlog
D:\Research\Assignment_2016\image_classification\image_classification\x64\Debug\CL.write.1.tlog
D:\RESEARCH\ASSIGNMENT_2016\IMAGE_CLASSIFICATION\IMAGE_CLASSIFICATION\X64\DEBUG\CODEBOOKGENERATOR.OBJ
D:\RESEARCH\ASSIGNMENT_2016\IMAGE_CLASSIFICATION\IMAGE_CLASSIFICATION\X64\DEBUG\DENSEFEATUREEXTRACTOR.OBJ
D:\RESEARCH\ASSIGNMENT_2016\IMAGE_CLASSIFICATION\IMAGE_CLASSIFICATION\X64\DEBUG\IMAGE_CLASSIFICATION.EXE.EMBED.MANIFEST
D:\RESEARCH\ASSIGNMENT_2016\IMAGE_CLASSIFICATION\IMAGE_CLASSIFICATION\X64\DEBUG\IMAGE_CLASSIFICATION.EXE.EMBED.MANIFEST.RES
D:\RESEARCH\ASSIGNMENT_2016\IMAGE_CLASSIFICATION\IMAGE_CLASSIFICATION\X64\DEBUG\IMAGE_CLASSIFICATION.EXE.INTERMEDIATE.MANIFEST
D:\Research\Assignment_2016\image_classification\image_classification\x64\Debug\image_classification.vcxprojResolveAssemblyReference.cache
D:\Research\Assignment_2016\image_classification\image_classification\x64\Debug\image_classification.write.1.tlog
D:\Research\Assignment_2016\image_classification\image_classification\x64\Debug\image_classification_manifest.rc
D:\RESEARCH\ASSIGNMENT_2016\IMAGE_CLASSIFICATION\IMAGE_CLASSIFICATION\X64\DEBUG\IMAGEREPRESENTOR.OBJ
D:\Research\Assignment_2016\image_classification\image_classification\x64\Debug\link.6004.read.1.tlog
D:\Research\Assignment_2016\image_classification\image_classification\x64\Debug\link.6004.write.1.tlog
D:\Research\Assignment_2016\image_classification\image_classification\x64\Debug\link.6004-cvtres.read.1.tlog
D:\Research\Assignment_2016\image_classification\image_classification\x64\Debug\link.6004-cvtres.write.1.tlog
D:\Research\Assignment_2016\image_classification\image_classification\x64\Debug\link.command.1.tlog
D:\Research\Assignment_2016\image_classification\image_classification\x64\Debug\link.read.1.tlog
D:\Research\Assignment_2016\image_classification\image_classification\x64\Debug\link.write.1.tlog
D:\Research\Assignment_2016\image_classification\image_classification\x64\Debug\link-cvtres.read.1.tlog
D:\Research\Assignment_2016\image_classification\image_classification\x64\Debug\link-cvtres.write.1.tlog
D:\RESEARCH\ASSIGNMENT_2016\IMAGE_CLASSIFICATION\IMAGE_CLASSIFICATION\X64\DEBUG\MAIN.OBJ
D:\Research\Assignment_2016\image_classification\image_classification\x64\Debug\mt.command.1.tlog
D:\Research\Assignment_2016\image_classification\image_classification\x64\Debug\mt.read.1.tlog
D:\Research\Assignment_2016\image_classification\image_classification\x64\Debug\mt.write.1.tlog
D:\Research\Assignment_2016\image_classification\image_classification\x64\Debug\rc.command.1.tlog
D:\Research\Assignment_2016\image_classification\image_classification\x64\Debug\rc.read.1.tlog
D:\Research\Assignment_2016\image_classification\image_classification\x64\Debug\rc.write.1.tlog
D:\Research\Assignment_2016\image_classification\image_classification\x64\Debug\vc100.idb
D:\RESEARCH\ASSIGNMENT_2016\IMAGE_CLASSIFICATION\IMAGE_CLASSIFICATION\X64\DEBUG\VC100.PDB
D:\RESEARCH\ASSIGNMENT_2016\IMAGE_CLASSIFICATION\X64\DEBUG\IMAGE_CLASSIFICATION.EXE
D:\RESEARCH\ASSIGNMENT_2016\IMAGE_CLASSIFICATION\X64\DEBUG\IMAGE_CLASSIFICATION.ILK
D:\RESEARCH\ASSIGNMENT_2016\IMAGE_CLASSIFICATION\X64\DEBUG\IMAGE_CLASSIFICATION.PDB
